[block-11] start 2026-05-17T23:04:28.057Z
[block-11] v1366 A-login     3068ms  dw=1366 ok
[block-11] v1366 B-overview  27003ms  dw=1366 ok
[block-11] v1366 C-overview  25690ms  dw=1366 ok
[block-11] v1366 D-stores    28511ms  dw=1366 ok
[block-11] v1366 E-store-det 29317ms  dw=1366 ok
[block-11] v1366 F-products  28008ms  dw=1366 ok
[block-11] v1366 G-users     28672ms  dw=1366 ok
[block-11] v1366 H-logs      29110ms  dw=1366 ok
[block-11] v1024 A-login     3046ms  dw=1024 ok
[block-11] v1024 B-overview  26856ms  dw=1024 ok
[block-11] v1024 C-overview  25675ms  dw=1024 ok
[block-11] v1024 D-stores    28406ms  dw=1024 ok
[block-11] v1024 E-store-det 29087ms  dw=1024 ok
[block-11] v1024 F-products  27857ms  dw=1024 ok
[block-11] v1024 G-users     28594ms  dw=1039 OVERFLOW
[block-11] v1024 H-logs      28855ms  dw=1024 ok
[block-11] v768 A-login     3102ms  dw=768 ok
[block-11] v768 B-overview  27258ms  dw=768 ok
[block-11] v768 C-overview  25632ms  dw=768 ok
[block-11] v768 D-stores    28322ms  dw=768 ok
[block-11] v768 E-store-det 28856ms  dw=768 ok
[block-11] v768 F-products  27809ms  dw=768 ok
[block-11] v768 G-users     28657ms  dw=768 ok
[block-11] v768 H-logs      28607ms  dw=768 ok
[block-11] v414 A-login     3027ms  dw=414 ok
[block-11] v414 B-overview  27125ms  dw=414 ok
[block-11] v414 C-overview  25640ms  dw=414 ok
[block-11] v414 D-stores    28262ms  dw=414 ok
[block-11] v414 E-store-det 28424ms  dw=414 ok
[block-11] v414 F-products  27748ms  dw=414 ok
[block-11] v414 G-users     28431ms  dw=414 ok
[block-11] v414 H-logs      28294ms  dw=414 ok
[block-11] v375 A-login     3027ms  dw=375 ok
[block-11] v375 B-overview  27144ms  dw=375 ok
[block-11] v375 C-overview  25798ms  dw=375 ok
[block-11] v375 D-stores    28398ms  dw=375 ok
[block-11] v375 E-store-det 28395ms  dw=375 ok
[block-11] v375 F-products  27750ms  dw=375 ok
[block-11] v375 G-users     28441ms  dw=375 ok
[block-11] v375 H-logs      28264ms  dw=375 ok
[block-11] done. Report: /home/clawd/projects/scale-admin/docs/regression/2026-05-17/evidence/block-11/report.json
